# JRE version: OpenJDK Runtime Environment Temurin-17.0.3+7 (17.0.3+7) (build 17.0.3+7)
# Java VM: OpenJDK 64-Bit Server VM Temurin-17.0.3+7 (17.0.3+7, mixed mode, sharing, tiered, compressed oops, compressed class ptrs, g1 gc, bsd-amd64)
GC Precious Log:
 CPUs: 8 total, 8 available
 Memory: 8192M
 Large Page Support: Disabled
 NUMA Support: Disabled
 Compressed Oops: Enabled (Zero based)
 Heap Region Size: 1M
 Heap Min Capacity: 8M
 Heap Initial Capacity: 128M
 Heap Max Capacity: 2G
 Pre-touch: Disabled
 Parallel Workers: 8
 Concurrent Workers: 2
 Concurrent Refinement Workers: 8
 Periodic GC: Disabled
Heap:
 garbage-first heap   total 75776K, used 24132K [0x0000000780000000, 0x0000000800000000)
  region size 1024K, 8 young (8192K), 1 survivors (1024K)
 Metaspace       used 41130K, committed 41408K, reserved 1089536K
  class space    used 5945K, committed 6080K, reserved 1048576K
GC Heap History (16 events):
Event: 6.727 GC heap before
{Heap before GC invocations=0 (full 0):
 garbage-first heap   total 133120K, used 24532K [0x0000000780000000, 0x0000000800000000)
  region size 1024K, 23 young (23552K), 0 survivors (0K)
 Metaspace       used 8381K, committed 8576K, reserved 1056768K
  class space    used 874K, committed 960K, reserved 1048576K
}
Event: 6.736 GC heap after
{Heap after GC invocations=1 (full 0):
 garbage-first heap   total 133120K, used 7140K [0x0000000780000000, 0x0000000800000000)
  region size 1024K, 3 young (3072K), 3 survivors (3072K)
 Metaspace       used 8381K, committed 8576K, reserved 1056768K
  class space    used 874K, committed 960K, reserved 1048576K
}
Event: 8.011 GC heap before
{Heap before GC invocations=1 (full 0):
 garbage-first heap   total 133120K, used 36836K [0x0000000780000000, 0x0000000800000000)
  region size 1024K, 33 young (33792K), 3 survivors (3072K)
 Metaspace       used 21304K, committed 21504K, reserved 1073152K
  class space    used 2665K, committed 2816K, reserved 1048576K
}
Event: 8.022 GC heap after
{Heap after GC invocations=2 (full 0):
 garbage-first heap   total 133120K, used 10169K [0x0000000780000000, 0x0000000800000000)
  region size 1024K, 4 young (4096K), 4 survivors (4096K)
 Metaspace       used 21304K, committed 21504K, reserved 1073152K
  class space    used 2665K, committed 2816K, reserved 1048576K
}
Event: 8.643 GC heap before
{Heap before GC invocations=3 (full 0):
 garbage-first heap   total 45056K, used 30649K [0x0000000780000000, 0x0000000800000000)
  region size 1024K, 25 young (25600K), 4 survivors (4096K)
 Metaspace       used 27872K, committed 28096K, reserved 1073152K
  class space    used 3662K, committed 3776K, reserved 1048576K
}
Event: 8.649 GC heap after
{Heap after GC invocations=4 (full 0):
 garbage-first heap   total 45056K, used 11376K [0x0000000780000000, 0x0000000800000000)
  region size 1024K, 2 young (2048K), 2 survivors (2048K)
 Metaspace       used 27872K, committed 28096K, reserved 1073152K
  class space    used 3662K, committed 3776K, reserved 1048576K
}
Event: 8.672 GC heap before
{Heap before GC invocations=4 (full 0):
 garbage-first heap   total 45056K, used 11376K [0x0000000780000000, 0x0000000800000000)
  region size 1024K, 3 young (3072K), 2 survivors (2048K)
 Metaspace       used 28105K, committed 28288K, reserved 1073152K
  class space    used 3702K, committed 3776K, reserved 1048576K
}
Event: 8.678 GC heap after
{Heap after GC invocations=5 (full 0):
 garbage-first heap   total 45056K, used 11625K [0x0000000780000000, 0x0000000800000000)
  region size 1024K, 1 young (1024K), 1 survivors (1024K)
 Metaspace       used 28105K, committed 28288K, reserved 1073152K
  class space    used 3702K, committed 3776K, reserved 1048576K
}
Event: 9.210 GC heap before
{Heap before GC invocations=5 (full 0):
 garbage-first heap   total 45056K, used 25961K [0x0000000780000000, 0x0000000800000000)
  region size 1024K, 16 young (16384K), 1 survivors (1024K)
 Metaspace       used 32364K, committed 32640K, reserved 1081344K
  class space    used 4300K, committed 4416K, reserved 1048576K
}
Event: 9.212 GC heap after
{Heap after GC invocations=6 (full 0):
 garbage-first heap   total 45056K, used 12554K [0x0000000780000000, 0x0000000800000000)
  region size 1024K, 2 young (2048K), 2 survivors (2048K)
 Metaspace       used 32364K, committed 32640K, reserved 1081344K
  class space    used 4300K, committed 4416K, reserved 1048576K
}
Event: 9.647 GC heap before
{Heap before GC invocations=6 (full 0):
 garbage-first heap   total 45056K, used 26890K [0x0000000780000000, 0x0000000800000000)
  region size 1024K, 17 young (17408K), 2 survivors (2048K)
 Metaspace       used 35741K, committed 35968K, reserved 1081344K
  class space    used 4852K, committed 4992K, reserved 1048576K
}
Event: 9.650 GC heap after
{Heap after GC invocations=7 (full 0):
 garbage-first heap   total 45056K, used 14906K [0x0000000780000000, 0x0000000800000000)
  region size 1024K, 3 young (3072K), 3 survivors (3072K)
 Metaspace       used 35741K, committed 35968K, reserved 1081344K
  class space    used 4852K, committed 4992K, reserved 1048576K
}
Event: 10.313 GC heap before
{Heap before GC invocations=8 (full 0):
 garbage-first heap   total 45056K, used 29242K [0x0000000780000000, 0x0000000800000000)
  region size 1024K, 18 young (18432K), 3 survivors (3072K)
 Metaspace       used 39173K, committed 39488K, reserved 1089536K
  class space    used 5594K, committed 5760K, reserved 1048576K
}
Event: 10.318 GC heap after
{Heap after GC invocations=9 (full 0):
 garbage-first heap   total 75776K, used 15946K [0x0000000780000000, 0x0000000800000000)
  region size 1024K, 2 young (2048K), 2 survivors (2048K)
 Metaspace       used 39173K, committed 39488K, reserved 1089536K
  class space    used 5594K, committed 5760K, reserved 1048576K
}
Event: 10.334 GC heap before
{Heap before GC invocations=9 (full 0):
 garbage-first heap   total 75776K, used 16970K [0x0000000780000000, 0x0000000800000000)
  region size 1024K, 3 young (3072K), 2 survivors (2048K)
 Metaspace       used 39485K, committed 39808K, reserved 1089536K
  class space    used 5728K, committed 5888K, reserved 1048576K
}
Event: 10.336 GC heap after
{Heap after GC invocations=10 (full 0):
 garbage-first heap   total 75776K, used 15940K [0x0000000780000000, 0x0000000800000000)
  region size 1024K, 1 young (1024K), 1 survivors (1024K)
 Metaspace       used 39485K, committed 39808K, reserved 1089536K
  class space    used 5728K, committed 5888K, reserved 1048576K
}

