# JRE version: Java(TM) SE Runtime Environment (17.0.8+9) (build 17.0.8+9-LTS-211)
# Java VM: Java HotSpot(TM) 64-Bit Server VM (17.0.8+9-LTS-211, mixed mode, sharing, tiered, compressed oops, compressed class ptrs, g1 gc, windows-amd64)
GC Precious Log:
 CPUs: 4 total, 4 available
 Memory: 6044M
 Large Page Support: Disabled
 NUMA Support: Disabled
 Compressed Oops: Enabled (32-bit)
 Heap Region Size: 1M
 Heap Min Capacity: 8M
 Heap Initial Capacity: 96M
 Heap Max Capacity: 1512M
 Pre-touch: Disabled
 Parallel Workers: 4
 Concurrent Workers: 1
 Concurrent Refinement Workers: 4
 Periodic GC: Disabled
Heap:
 garbage-first heap   total 40960K, used 28678K [0x00000000a1800000, 0x0000000100000000)
  region size 1024K, 15 young (15360K), 2 survivors (2048K)
 Metaspace       used 41777K, committed 42048K, reserved 1114112K
  class space    used 5889K, committed 6016K, reserved 1048576K
GC Heap History (18 events):
Event: 1.268 GC heap before
{Heap before GC invocations=0 (full 0):
 garbage-first heap   total 98304K, used 12288K [0x00000000a1800000, 0x0000000100000000)
  region size 1024K, 13 young (13312K), 0 survivors (0K)
 Metaspace       used 2595K, committed 2816K, reserved 1114112K
  class space    used 269K, committed 384K, reserved 1048576K
}
Event: 1.273 GC heap after
{Heap after GC invocations=1 (full 0):
 garbage-first heap   total 98304K, used 1600K [0x00000000a1800000, 0x0000000100000000)
  region size 1024K, 2 young (2048K), 2 survivors (2048K)
 Metaspace       used 2595K, committed 2816K, reserved 1114112K
  class space    used 269K, committed 384K, reserved 1048576K
}
Event: 2.059 GC heap before
{Heap before GC invocations=1 (full 0):
 garbage-first heap   total 98304K, used 19008K [0x00000000a1800000, 0x0000000100000000)
  region size 1024K, 19 young (19456K), 2 survivors (2048K)
 Metaspace       used 10043K, committed 10240K, reserved 1114112K
  class space    used 1124K, committed 1216K, reserved 1048576K
}
Event: 2.065 GC heap after
{Heap after GC invocations=2 (full 0):
 garbage-first heap   total 98304K, used 7014K [0x00000000a1800000, 0x0000000100000000)
  region size 1024K, 3 young (3072K), 3 survivors (3072K)
 Metaspace       used 10043K, committed 10240K, reserved 1114112K
  class space    used 1124K, committed 1216K, reserved 1048576K
}
Event: 3.738 GC heap before
{Heap before GC invocations=2 (full 0):
 garbage-first heap   total 98304K, used 30566K [0x00000000a1800000, 0x0000000100000000)
  region size 1024K, 27 young (27648K), 3 survivors (3072K)
 Metaspace       used 21381K, committed 21504K, reserved 1114112K
  class space    used 2628K, committed 2688K, reserved 1048576K
}
Event: 3.745 GC heap after
{Heap after GC invocations=3 (full 0):
 garbage-first heap   total 98304K, used 10153K [0x00000000a1800000, 0x0000000100000000)
  region size 1024K, 7 young (7168K), 7 survivors (7168K)
 Metaspace       used 21381K, committed 21504K, reserved 1114112K
  class space    used 2628K, committed 2688K, reserved 1048576K
}
Event: 4.603 GC heap before
{Heap before GC invocations=4 (full 0):
 garbage-first heap   total 40960K, used 27561K [0x00000000a1800000, 0x0000000100000000)
  region size 1024K, 24 young (24576K), 7 survivors (7168K)
 Metaspace       used 26624K, committed 26880K, reserved 1114112K
  class space    used 3341K, committed 3456K, reserved 1048576K
}
Event: 4.613 GC heap after
{Heap after GC invocations=5 (full 0):
 garbage-first heap   total 40960K, used 10668K [0x00000000a1800000, 0x0000000100000000)
  region size 1024K, 1 young (1024K), 1 survivors (1024K)
 Metaspace       used 26624K, committed 26880K, reserved 1114112K
  class space    used 3341K, committed 3456K, reserved 1048576K
}
Event: 4.650 GC heap before
{Heap before GC invocations=5 (full 0):
 garbage-first heap   total 40960K, used 11692K [0x00000000a1800000, 0x0000000100000000)
  region size 1024K, 2 young (2048K), 1 survivors (1024K)
 Metaspace       used 26814K, committed 27008K, reserved 1114112K
  class space    used 3385K, committed 3456K, reserved 1048576K
}
Event: 4.654 GC heap after
{Heap after GC invocations=6 (full 0):
 garbage-first heap   total 40960K, used 10859K [0x00000000a1800000, 0x0000000100000000)
  region size 1024K, 1 young (1024K), 1 survivors (1024K)
 Metaspace       used 26814K, committed 27008K, reserved 1114112K
  class space    used 3385K, committed 3456K, reserved 1048576K
}
Event: 5.525 GC heap before
{Heap before GC invocations=6 (full 0):
 garbage-first heap   total 40960K, used 26219K [0x00000000a1800000, 0x0000000100000000)
  region size 1024K, 16 young (16384K), 1 survivors (1024K)
 Metaspace       used 30936K, committed 31168K, reserved 1114112K
  class space    used 4035K, committed 4160K, reserved 1048576K
}
Event: 5.529 GC heap after
{Heap after GC invocations=7 (full 0):
 garbage-first heap   total 40960K, used 11800K [0x00000000a1800000, 0x0000000100000000)
  region size 1024K, 2 young (2048K), 2 survivors (2048K)
 Metaspace       used 30936K, committed 31168K, reserved 1114112K
  class space    used 4035K, committed 4160K, reserved 1048576K
}
Event: 5.936 GC heap before
{Heap before GC invocations=7 (full 0):
 garbage-first heap   total 40960K, used 28184K [0x00000000a1800000, 0x0000000100000000)
  region size 1024K, 18 young (18432K), 2 survivors (2048K)
 Metaspace       used 35236K, committed 35520K, reserved 1114112K
  class space    used 4706K, committed 4864K, reserved 1048576K
}
Event: 5.947 GC heap after
{Heap after GC invocations=8 (full 0):
 garbage-first heap   total 40960K, used 13647K [0x00000000a1800000, 0x0000000100000000)
  region size 1024K, 3 young (3072K), 3 survivors (3072K)
 Metaspace       used 35236K, committed 35520K, reserved 1114112K
  class space    used 4706K, committed 4864K, reserved 1048576K
}
Event: 6.172 GC heap before
{Heap before GC invocations=8 (full 0):
 garbage-first heap   total 40960K, used 18767K [0x00000000a1800000, 0x0000000100000000)
  region size 1024K, 9 young (9216K), 3 survivors (3072K)
 Metaspace       used 35914K, committed 36160K, reserved 1114112K
  class space    used 4822K, committed 4928K, reserved 1048576K
}
Event: 6.180 GC heap after
{Heap after GC invocations=9 (full 0):
 garbage-first heap   total 40960K, used 14667K [0x00000000a1800000, 0x0000000100000000)
  region size 1024K, 2 young (2048K), 2 survivors (2048K)
 Metaspace       used 35914K, committed 36160K, reserved 1114112K
  class space    used 4822K, committed 4928K, reserved 1048576K
}
Event: 6.802 GC heap before
{Heap before GC invocations=10 (full 0):
 garbage-first heap   total 40960K, used 25931K [0x00000000a1800000, 0x0000000100000000)
  region size 1024K, 14 young (14336K), 2 survivors (2048K)
 Metaspace       used 38660K, committed 38912K, reserved 1114112K
  class space    used 5389K, committed 5504K, reserved 1048576K
}
Event: 6.807 GC heap after
{Heap after GC invocations=11 (full 0):
 garbage-first heap   total 40960K, used 15366K [0x00000000a1800000, 0x0000000100000000)
  region size 1024K, 2 young (2048K), 2 survivors (2048K)
 Metaspace       used 38660K, committed 38912K, reserved 1114112K
  class space    used 5389K, committed 5504K, reserved 1048576K
}

